<?xml version="1.0" encoding="UTF-8"?>
<testng-results ignored="0" total="1" passed="1" failed="0" skipped="0">
  <reporter-output>
  </reporter-output>
  <suite started-at="2022-04-27T10:55:43 IST" name="Default suite" finished-at="2022-04-27T10:56:16 IST" duration-ms="33263">
    <groups>
    </groups>
    <test started-at="2022-04-27T10:55:43 IST" name="Default test" finished-at="2022-04-27T10:56:16 IST" duration-ms="33263">
      <class name="testNGBasics.TestNGDragnDrop">
        <test-method is-config="true" signature="beforeClass()[pri:0, instance:testNGBasics.TestNGDragnDrop@5b03b9fe]" started-at="2022-04-27T10:55:43 IST" name="beforeClass" finished-at="2022-04-27T10:56:02 IST" duration-ms="19193" status="PASS">
          <reporter-output>
          </reporter-output>
        </test-method> <!-- beforeClass -->
        <test-method signature="dragAndDrop()[pri:0, instance:testNGBasics.TestNGDragnDrop@5b03b9fe]" started-at="2022-04-27T10:56:02 IST" name="dragAndDrop" finished-at="2022-04-27T10:56:15 IST" duration-ms="12395" status="PASS">
          <reporter-output>
          </reporter-output>
        </test-method> <!-- dragAndDrop -->
        <test-method is-config="true" signature="afterClass()[pri:0, instance:testNGBasics.TestNGDragnDrop@5b03b9fe]" started-at="2022-04-27T10:56:15 IST" name="afterClass" finished-at="2022-04-27T10:56:16 IST" duration-ms="1489" status="PASS">
          <reporter-output>
          </reporter-output>
        </test-method> <!-- afterClass -->
      </class> <!-- testNGBasics.TestNGDragnDrop -->
    </test> <!-- Default test -->
  </suite> <!-- Default suite -->
</testng-results>
